2018-11-13 15:37:22 MESZ [BPM.0102.0196I] 996375c0-0bd8-1f36-ad1d-fffffffe0282:1, MID=Test/test, MVer=1: process started
2018-11-13 15:37:53 MESZ [BPM.0102.0002E] Exception: com.wm.app.prt.ProcessException
2018-11-13 15:37:53 MESZ [BPM.0102.0376E] 996375c0-0bd8-1f36-ad1d-fffffffe0282:1, S18: exception invoking service Test_Processes.test.test_1.Default:fail: [PRT.0101.9125] Service Test_Processes.test.test_1.Default:fail failed.
2018-11-13 15:37:53 MESZ [BPM.0102.0199I] 996375c0-0bd8-1f36-ad1d-fffffffe0282:1, MID=Test/test, MVer=1: process failed
2018-11-13 15:44:20 MESZ [BPM.0102.0196I] 72d06df0-a7fa-1746-b776-fffffffdfc31:1, MID=Test/test, MVer=1: process started
2018-11-13 15:45:00 MESZ [BPM.0102.0002E] Exception: com.wm.app.prt.ProcessException
2018-11-13 15:45:00 MESZ [BPM.0102.0376E] 72d06df0-a7fa-1746-b776-fffffffdfc31:1, S18: exception invoking service Test_Processes.test.test_1.Default:fail: [PRT.0101.9125] Service Test_Processes.test.test_1.Default:fail failed.
2018-11-13 15:45:00 MESZ [BPM.0102.0199I] 72d06df0-a7fa-1746-b776-fffffffdfc31:1, MID=Test/test, MVer=1: process failed
2018-11-13 15:45:00 MESZ [BPM.0102.0196I] 8efed8b0-9e1a-1f0f-8d1a-fffffffdfba0:1, MID=Test/test, MVer=1: process started
2018-11-13 15:45:21 MESZ [BPM.0102.0202I] 8efed8b0-9e1a-1f0f-8d1a-fffffffdfba0:1, MID=Test/test, MVer=1: process completed
2018-11-13 15:45:21 MESZ [BPM.0102.0196I] bd3ec5b0-5a0c-16c0-b0a3-fffffffdfb42:1, MID=Test/test, MVer=1: process started
2018-11-13 15:45:41 MESZ [BPM.0102.0202I] bd3ec5b0-5a0c-16c0-b0a3-fffffffdfb42:1, MID=Test/test, MVer=1: process completed
2018-11-14 07:00:00 MESZ [BPM.0102.0196I] 3c8da719-81a1-4034-baa5-cc7e1b225f7e:1, MID=sample_business_domain/sample_process, MVer=1: process started
2018-11-14 07:00:03 MESZ [BPM.0102.0202I] 3c8da719-81a1-4034-baa5-cc7e1b225f7e:1, MID=sample_business_domain/sample_process, MVer=1: process completed
2018-11-14 07:01:45 MESZ [BPM.0102.0196I] 06fc0b29-960a-44e3-b8ea-cb0c5b27601a:1, MID=wx_monitoring_bd/wx_monitoring_process, MVer=2: process started
2018-11-14 07:01:46 MESZ [BPM.0102.0202I] 06fc0b29-960a-44e3-b8ea-cb0c5b27601a:1, MID=wx_monitoring_bd/wx_monitoring_process, MVer=2: process completed
2018-11-14 05:00:00 MESZ [BPM.0102.0196I] 13c37d51-8d71-4df3-878d-2ac6f5190eac:1, MID=wx_monitoring_bd2/wx_monitoring_process2, MVer=2: process started
2018-11-14 05:00:13 MESZ [BPM.0102.0202I] 13c37d51-8d71-4df3-878d-2ac6f5190eac:1, MID=wx_monitoring_bd2/wx_monitoring_process2, MVer=2: process completed
2018-11-14 06:17:23 MESZ [CommonLib.CDS.0002I] LDAPSBGHW paging caps: 3
2018-11-14 06:17:23 MESZ [CommonLib.CDS.0002I] LDAPBGETEM paging caps: 3
2018-11-14 07:01:45 MESZ [BPM.0102.0196I] c9143f8c-ada8-40c1-af0a-5c545bcabaf0:1, MID=wx_monitoring_bd/wx_monitoring_process, MVer=2: process started
2018-11-14 07:01:45 MESZ [BPM.0102.0202I] c9143f8c-ada8-40c1-af0a-5c545bcabaf0:1, MID=wx_monitoring_bd/wx_monitoring_process, MVer=2: process completed
2018-11-14 07:01:49 MESZ [BPM.0102.0196I] eada0b3b-e1a2-46b1-83ac-f37713a3dd23:1, MID=wx_monitoring_bd/wx_monitoring_process, MVer=2: process started
2018-11-14 07:01:50 MESZ [BPM.0102.0202I] eada0b3b-e1a2-46b1-83ac-f37713a3dd23:1, MID=wx_monitoring_bd/wx_monitoring_process, MVer=2: process completed
2018-11-14 07:01:54 MESZ [BPM.0102.0196I] 7cfacf58-9e2d-42ad-8e2d-911e2d480a8a:1, MID=wx_monitoring_bd/wx_monitoring_process, MVer=2: process started
2018-11-14 07:01:55 MESZ [BPM.0102.0202I] 7cfacf58-9e2d-42ad-8e2d-911e2d480a8a:1, MID=wx_monitoring_bd/wx_monitoring_process, MVer=2: process completed
2018-11-14 07:01:59 MESZ [BPM.0102.0196I] 54b2ac0e-e21e-4d2c-b249-aea72f000ff4:1, MID=wx_monitoring_bd/wx_monitoring_process, MVer=2: process started
2018-11-14 07:02:00 MESZ [BPM.0102.0202I] 54b2ac0e-e21e-4d2c-b249-aea72f000ff4:1, MID=wx_monitoring_bd/wx_monitoring_process, MVer=2: process completed
2018-10-10 10:00:15 MESZ [ISS.0028.0042I] Rule test info